<?xml version="1.0" encoding="UTF-8"?>
<!-- Generated by org.testng.reporters.JUnitXMLReporter -->
<testsuite ignored="0" hostname="LAPTOP-IQDLLB5U" failures="1" tests="3" name="Test" time="10.954" errors="0" timestamp="2022-08-23T09:12:35 AWST">
  <testcase classname="Japplication.HomePage" name="basePageNavigat" time="0.821">
    <failure type="java.lang.AssertionError" message="expected [We welcome your feedback - but we won&amp;apos;t get it unless you complete the form correctly] but found [We welcome your feedback - but we won&amp;apos;t get it unless you complete the form correctly.]">
      <![CDATA[java.lang.AssertionError: expected [We welcome your feedback - but we won't get it unless you complete the form correctly] but found [We welcome your feedback - but we won't get it unless you complete the form correctly.]
at Japplication.HomePage.basePageNavigat(HomePage.java:41)
at java.base/java.util.concurrent.ThreadPoolExecutor.runWorker(ThreadPoolExecutor.java:1136)
at java.base/java.util.concurrent.ThreadPoolExecutor$Worker.run(ThreadPoolExecutor.java:635)
at java.base/java.lang.Thread.run(Thread.java:833)
... Removed 18 stack frames]]>
    </failure>
  </testcase> <!-- basePageNavigat -->
  <testcase classname="Japplication.ShopPageinfo" name="basePageNavigat" time="2.093"/>
  <testcase classname="Japplication.HomePage" name="validateErrors" time="0.64"/>
</testsuite> <!-- Test -->
