<?xml version="1.0" encoding="UTF-8"?>
<!-- Generated by org.testng.reporters.JUnitXMLReporter -->
<testsuite ignored="0" hostname="LAPTOP-IQDLLB5U" failures="0" tests="3" name="Test" time="11.663" errors="0" timestamp="2022-08-23T09:21:39 AWST">
  <testcase classname="Japplication.HomePage" name="basePageNavigat" time="0.454"/>
  <testcase classname="Japplication.HomePage" name="validateErrors" time="0.501"/>
  <testcase classname="Japplication.ShopPageinfo" name="basePageNavigat" time="2.011"/>
</testsuite> <!-- Test -->
