<?xml version="1.0" encoding="UTF-8"?>
<!-- Generated by org.testng.reporters.JUnitXMLReporter -->
<testsuite hostname="LAPTOP-IQDLLB5U" failures="0" tests="3" name="Test" time="10.272" errors="0" timestamp="23 Aug 2022 02:20:17 GMT">
  <testcase classname="Japplication.HomePage" name="basePageNavigat" time="0.458"/>
  <testcase classname="Japplication.HomePage" name="validateErrors" time="0.31"/>
  <testcase classname="Japplication.ShopPageinfo" name="basePageNavigat" time="1.419"/>
</testsuite> <!-- Test -->
