<?xml version="1.0" encoding="UTF-8"?>
<testsuite xmlns:xsi="http://www.w3.org/2001/XMLSchema-instance" xsi:noNamespaceSchemaLocation="https://maven.apache.org/surefire/maven-surefire-plugin/xsd/surefire-test-report.xsd" name="TestSuite" time="12.14" tests="3" errors="0" skipped="0" failures="0">
  <properties>
[...]
</properties>
  <testcase name="basePageNavigat" classname="Japplication.HomePage" time="0.458"/>
  <testcase name="validateErrors" classname="Japplication.HomePage" time="0.309"/>
  <testcase name="basePageNavigat" classname="Japplication.ShopPageinfo" time="0.955"/>
</testsuite>