<?xml version="1.0" encoding="UTF-8"?>
<testng-results total="3" passed="3" failed="0" skipped="0">
  <reporter-output>
  </reporter-output>
  <suite started-at="2022-08-23T02:20:07Z" name="Suite" finished-at="2022-08-23T02:20:17Z" duration-ms="10272">
    <groups>
    </groups>
    <test started-at="2022-08-23T02:20:07Z" name="Test" finished-at="2022-08-23T02:20:17Z" duration-ms="10272">
      <class name="Japplication.HomePage">
        <test-method is-config="true" signature="initialize()[pri:0, instance:Japplication.HomePage@226642a5]" started-at="2022-08-23T10:20:07Z" name="initialize" finished-at="2022-08-23T10:20:12Z" duration-ms="5181" status="PASS">
          <reporter-output>
          </reporter-output>
        </test-method> <!-- initialize -->
        <test-method is-config="true" signature="initialize()[pri:0, instance:Japplication.ShopPageinfo@30ea8c23]" started-at="2022-08-23T10:20:12Z" name="initialize" finished-at="2022-08-23T10:20:16Z" duration-ms="3485" status="PASS">
          <reporter-output>
          </reporter-output>
        </test-method> <!-- initialize -->
        <test-method signature="basePageNavigat()[pri:0, instance:Japplication.HomePage@226642a5]" started-at="2022-08-23T10:20:16Z" name="basePageNavigat" finished-at="2022-08-23T10:20:16Z" duration-ms="458" status="PASS">
          <reporter-output>
          </reporter-output>
        </test-method> <!-- basePageNavigat -->
        <test-method signature="validateErrors(java.lang.String, java.lang.String, java.lang.String)[pri:0, instance:Japplication.HomePage@226642a5]" started-at="2022-08-23T10:20:16Z" name="validateErrors" data-provider="getData" finished-at="2022-08-23T10:20:16Z" duration-ms="310" status="PASS">
          <params>
            <param index="0">
              <value>
                <![CDATA[name]]>
              </value>
            </param>
            <param index="1">
              <value>
                <![CDATA[name@gmail.com]]>
              </value>
            </param>
            <param index="2">
              <value>
                <![CDATA[User]]>
              </value>
            </param>
          </params>
          <reporter-output>
          </reporter-output>
        </test-method> <!-- validateErrors -->
        <test-method is-config="true" signature="teardown()[pri:0, instance:Japplication.HomePage@226642a5]" started-at="2022-08-23T10:20:17Z" name="teardown" finished-at="2022-08-23T10:20:17Z" duration-ms="87" status="PASS">
          <reporter-output>
          </reporter-output>
        </test-method> <!-- teardown -->
        <test-method is-config="true" signature="teardown()[pri:0, instance:Japplication.ShopPageinfo@30ea8c23]" started-at="2022-08-23T10:20:17Z" name="teardown" finished-at="2022-08-23T10:20:17Z" duration-ms="87" status="PASS">
          <reporter-output>
          </reporter-output>
        </test-method> <!-- teardown -->
      </class> <!-- Japplication.HomePage -->
      <class name="Japplication.ShopPageinfo">
        <test-method signature="basePageNavigat()[pri:0, instance:Japplication.ShopPageinfo@30ea8c23]" started-at="2022-08-23T10:20:16Z" name="basePageNavigat" finished-at="2022-08-23T10:20:17Z" duration-ms="1419" status="PASS">
          <reporter-output>
          </reporter-output>
        </test-method> <!-- basePageNavigat -->
      </class> <!-- Japplication.ShopPageinfo -->
    </test> <!-- Test -->
  </suite> <!-- Suite -->
</testng-results>
